<?xml version="1.0" encoding="UTF-8"?>
<testng-results skipped="4" failed="0" total="4" passed="0">
  <reporter-output>
  </reporter-output>
  <suite name="Suite" duration-ms="36403" started-at="2022-09-20T07:50:16Z" finished-at="2022-09-20T07:50:53Z">
    <groups>
    </groups>
    <test name="Test" duration-ms="36403" started-at="2022-09-20T07:50:16Z" finished-at="2022-09-20T07:50:53Z">
      <class name="org.altairretro.practice.AccountAddTest">
        <test-method status="SKIP" signature="classSetUp()[pri:0, instance:org.altairretro.practice.AccountAddTest@78b1cc93]" name="classSetUp" is-config="true" duration-ms="0" started-at="2022-09-20T13:20:53Z" finished-at="2022-09-20T13:20:53Z">
          <reporter-output>
          </reporter-output>
        </test-method> <!-- classSetUp -->
        <test-method status="SKIP" signature="methodSetUp()[pri:0, instance:org.altairretro.practice.AccountAddTest@78b1cc93]" name="methodSetUp" is-config="true" duration-ms="0" started-at="2022-09-20T13:20:53Z" finished-at="2022-09-20T13:20:53Z">
          <reporter-output>
          </reporter-output>
        </test-method> <!-- methodSetUp -->
        <test-method status="SKIP" signature="AccountAction()[pri:0, instance:org.altairretro.practice.AccountAddTest@78b1cc93]" name="AccountAction" duration-ms="1" started-at="2022-09-20T13:20:53Z" finished-at="2022-09-20T13:20:53Z">
          <reporter-output>
          </reporter-output>
        </test-method> <!-- AccountAction -->
        <test-method status="SKIP" signature="methodTearDown()[pri:0, instance:org.altairretro.practice.AccountAddTest@78b1cc93]" name="methodTearDown" is-config="true" duration-ms="0" started-at="2022-09-20T13:20:53Z" finished-at="2022-09-20T13:20:53Z">
          <reporter-output>
          </reporter-output>
        </test-method> <!-- methodTearDown -->
      </class> <!-- org.altairretro.practice.AccountAddTest -->
      <class name="org.altairretro.practice.ProductAddTest">
        <test-method status="SKIP" signature="classSetUp()[pri:0, instance:org.altairretro.practice.ProductAddTest@21507a04]" name="classSetUp" is-config="true" duration-ms="0" started-at="2022-09-20T13:20:53Z" finished-at="2022-09-20T13:20:53Z">
          <reporter-output>
          </reporter-output>
        </test-method> <!-- classSetUp -->
        <test-method status="SKIP" signature="addProduct()[pri:0, instance:org.altairretro.practice.ProductAddTest@21507a04]" name="addProduct" duration-ms="1" started-at="2022-09-20T13:20:53Z" finished-at="2022-09-20T13:20:53Z">
          <reporter-output>
          </reporter-output>
        </test-method> <!-- addProduct -->
        <test-method status="SKIP" signature="methodSetUp()[pri:0, instance:org.altairretro.practice.ProductAddTest@21507a04]" name="methodSetUp" is-config="true" duration-ms="0" started-at="2022-09-20T13:20:53Z" finished-at="2022-09-20T13:20:53Z">
          <reporter-output>
          </reporter-output>
        </test-method> <!-- methodSetUp -->
        <test-method status="SKIP" signature="methodTearDown()[pri:0, instance:org.altairretro.practice.ProductAddTest@21507a04]" name="methodTearDown" is-config="true" duration-ms="0" started-at="2022-09-20T13:20:53Z" finished-at="2022-09-20T13:20:53Z">
          <reporter-output>
          </reporter-output>
        </test-method> <!-- methodTearDown -->
      </class> <!-- org.altairretro.practice.ProductAddTest -->
      <class name="org.altairretro.practice.AddSupplierTest">
        <test-method status="FAIL" signature="classSetUp()[pri:0, instance:org.altairretro.practice.AddSupplierTest@6f3b5d16]" name="classSetUp" is-config="true" duration-ms="0" started-at="2022-09-20T13:20:17Z" finished-at="2022-09-20T13:20:17Z">
          <exception class="org.openqa.selenium.WebDriverException">
            <message>
              <![CDATA[unknown error: net::ERR_NAME_NOT_RESOLVED
  (Session info: chrome=105.0.5195.127)
Build info: version: '4.4.0', revision: 'e5c75ed026a'
System info: host: 'DESKTOP-TTAV2T1', ip: '192.168.254.182', os.name: 'Windows 10', os.arch: 'amd64', os.version: '10.0', java.version: '1.8.0_201'
Driver info: org.openqa.selenium.chrome.ChromeDriver
Command: [4b08e7a0aa128294162fc1857a9acde5, get {url=http://rmgtestingserver/domain/Sales_And_Inventory_System/pages/login.php}]
Capabilities {acceptInsecureCerts: false, browserName: chrome, browserVersion: 105.0.5195.127, chrome: {chromedriverVersion: 105.0.5195.19 (b9c217c128c1..., userDataDir: C:\Users\User\AppData\Local...}, goog:chromeOptions: {debuggerAddress: localhost:65527}, networkConnectionEnabled: false, pageLoadStrategy: normal, platformName: WINDOWS, proxy: Proxy(), se:cdp: ws://localhost:65527/devtoo..., se:cdpVersion: 105.0.5195.127, setWindowRect: true, strictFileInteractability: false, timeouts: {implicit: 0, pageLoad: 300000, script: 30000}, unhandledPromptBehavior: dismiss and notify, webauthn:extension:credBlob: true, webauthn:extension:largeBlob: true, webauthn:virtualAuthenticators: true}
Session ID: 4b08e7a0aa128294162fc1857a9acde5]]>
            </message>
            <full-stacktrace>
              <![CDATA[org.openqa.selenium.WebDriverException: unknown error: net::ERR_NAME_NOT_RESOLVED
  (Session info: chrome=105.0.5195.127)
Build info: version: '4.4.0', revision: 'e5c75ed026a'
System info: host: 'DESKTOP-TTAV2T1', ip: '192.168.254.182', os.name: 'Windows 10', os.arch: 'amd64', os.version: '10.0', java.version: '1.8.0_201'
Driver info: org.openqa.selenium.chrome.ChromeDriver
Command: [4b08e7a0aa128294162fc1857a9acde5, get {url=http://rmgtestingserver/domain/Sales_And_Inventory_System/pages/login.php}]
Capabilities {acceptInsecureCerts: false, browserName: chrome, browserVersion: 105.0.5195.127, chrome: {chromedriverVersion: 105.0.5195.19 (b9c217c128c1..., userDataDir: C:\Users\User\AppData\Local...}, goog:chromeOptions: {debuggerAddress: localhost:65527}, networkConnectionEnabled: false, pageLoadStrategy: normal, platformName: WINDOWS, proxy: Proxy(), se:cdp: ws://localhost:65527/devtoo..., se:cdpVersion: 105.0.5195.127, setWindowRect: true, strictFileInteractability: false, timeouts: {implicit: 0, pageLoad: 300000, script: 30000}, unhandledPromptBehavior: dismiss and notify, webauthn:extension:credBlob: true, webauthn:extension:largeBlob: true, webauthn:virtualAuthenticators: true}
Session ID: 4b08e7a0aa128294162fc1857a9acde5
	at sun.reflect.NativeConstructorAccessorImpl.newInstance0(Native Method)
	at sun.reflect.NativeConstructorAccessorImpl.newInstance(NativeConstructorAccessorImpl.java:62)
	at sun.reflect.DelegatingConstructorAccessorImpl.newInstance(DelegatingConstructorAccessorImpl.java:45)
	at java.lang.reflect.Constructor.newInstance(Constructor.java:423)
	at org.openqa.selenium.remote.codec.w3c.W3CHttpResponseCodec.createException(W3CHttpResponseCodec.java:200)
	at org.openqa.selenium.remote.codec.w3c.W3CHttpResponseCodec.decode(W3CHttpResponseCodec.java:133)
	at org.openqa.selenium.remote.codec.w3c.W3CHttpResponseCodec.decode(W3CHttpResponseCodec.java:53)
	at org.openqa.selenium.remote.HttpCommandExecutor.execute(HttpCommandExecutor.java:184)
	at org.openqa.selenium.remote.service.DriverCommandExecutor.invokeExecute(DriverCommandExecutor.java:167)
	at org.openqa.selenium.remote.service.DriverCommandExecutor.execute(DriverCommandExecutor.java:142)
	at org.openqa.selenium.remote.RemoteWebDriver.execute(RemoteWebDriver.java:547)
	at org.openqa.selenium.remote.RemoteWebDriver.get(RemoteWebDriver.java:310)
	at genericUtility.WebDriverUtility.navigateApplication(WebDriverUtility.java:98)
	at genericUtility.WebDriverUtility.openBrowserWithApplication(WebDriverUtility.java:110)
	at genericUtility.BaseClass.classSetUp(BaseClass.java:81)
	at sun.reflect.NativeMethodAccessorImpl.invoke0(Native Method)
	at sun.reflect.NativeMethodAccessorImpl.invoke(NativeMethodAccessorImpl.java:62)
	at sun.reflect.DelegatingMethodAccessorImpl.invoke(DelegatingMethodAccessorImpl.java:43)
	at java.lang.reflect.Method.invoke(Method.java:498)
	at org.testng.internal.MethodInvocationHelper.invokeMethod(MethodInvocationHelper.java:85)
	at org.testng.internal.Invoker.invokeConfigurationMethod(Invoker.java:510)
	at org.testng.internal.Invoker.invokeConfigurations(Invoker.java:211)
	at org.testng.internal.Invoker.invokeConfigurations(Invoker.java:138)
	at org.testng.internal.TestMethodWorker.invokeBeforeClassMethods(TestMethodWorker.java:170)
	at org.testng.internal.TestMethodWorker.run(TestMethodWorker.java:104)
	at org.testng.TestRunner.privateRun(TestRunner.java:774)
	at org.testng.TestRunner.run(TestRunner.java:624)
	at org.testng.SuiteRunner.runTest(SuiteRunner.java:359)
	at org.testng.SuiteRunner.runSequentially(SuiteRunner.java:354)
	at org.testng.SuiteRunner.privateRun(SuiteRunner.java:312)
	at org.testng.SuiteRunner.run(SuiteRunner.java:261)
	at org.testng.SuiteRunnerWorker.runSuite(SuiteRunnerWorker.java:52)
	at org.testng.SuiteRunnerWorker.run(SuiteRunnerWorker.java:86)
	at org.testng.TestNG.runSuitesSequentially(TestNG.java:1191)
	at org.testng.TestNG.runSuitesLocally(TestNG.java:1116)
	at org.testng.TestNG.run(TestNG.java:1024)
	at org.apache.maven.surefire.testng.TestNGExecutor.run(TestNGExecutor.java:324)
	at org.apache.maven.surefire.testng.TestNGXmlTestSuite.execute(TestNGXmlTestSuite.java:74)
	at org.apache.maven.surefire.testng.TestNGProvider.invoke(TestNGProvider.java:123)
	at org.apache.maven.surefire.booter.ForkedBooter.runSuitesInProcess(ForkedBooter.java:456)
	at org.apache.maven.surefire.booter.ForkedBooter.execute(ForkedBooter.java:169)
	at org.apache.maven.surefire.booter.ForkedBooter.run(ForkedBooter.java:595)
	at org.apache.maven.surefire.booter.ForkedBooter.main(ForkedBooter.java:581)
]]>
            </full-stacktrace>
          </exception> <!-- org.openqa.selenium.WebDriverException -->
          <reporter-output>
          </reporter-output>
        </test-method> <!-- classSetUp -->
        <test-method status="SKIP" signature="methodSetUp()[pri:0, instance:org.altairretro.practice.AddSupplierTest@6f3b5d16]" name="methodSetUp" is-config="true" duration-ms="0" started-at="2022-09-20T13:20:52Z" finished-at="2022-09-20T13:20:52Z">
          <reporter-output>
          </reporter-output>
        </test-method> <!-- methodSetUp -->
        <test-method status="SKIP" signature="SupplierAction()[pri:0, instance:org.altairretro.practice.AddSupplierTest@6f3b5d16]" name="SupplierAction" duration-ms="185" started-at="2022-09-20T13:20:52Z" finished-at="2022-09-20T13:20:53Z">
          <reporter-output>
          </reporter-output>
        </test-method> <!-- SupplierAction -->
        <test-method status="SKIP" signature="methodTearDown()[pri:0, instance:org.altairretro.practice.AddSupplierTest@6f3b5d16]" name="methodTearDown" is-config="true" duration-ms="0" started-at="2022-09-20T13:20:53Z" finished-at="2022-09-20T13:20:53Z">
          <reporter-output>
          </reporter-output>
        </test-method> <!-- methodTearDown -->
      </class> <!-- org.altairretro.practice.AddSupplierTest -->
      <class name="org.altairretro.practice.CustomerTest">
        <test-method status="SKIP" signature="classSetUp()[pri:0, instance:org.altairretro.practice.CustomerTest@6646153]" name="classSetUp" is-config="true" duration-ms="0" started-at="2022-09-20T13:20:53Z" finished-at="2022-09-20T13:20:53Z">
          <reporter-output>
          </reporter-output>
        </test-method> <!-- classSetUp -->
        <test-method status="SKIP" signature="methodSetUp()[pri:0, instance:org.altairretro.practice.CustomerTest@6646153]" name="methodSetUp" is-config="true" duration-ms="0" started-at="2022-09-20T13:20:53Z" finished-at="2022-09-20T13:20:53Z">
          <reporter-output>
          </reporter-output>
        </test-method> <!-- methodSetUp -->
        <test-method status="SKIP" signature="CustomerADDAction()[pri:0, instance:org.altairretro.practice.CustomerTest@6646153]" name="CustomerADDAction" duration-ms="1" started-at="2022-09-20T13:20:53Z" finished-at="2022-09-20T13:20:53Z">
          <reporter-output>
          </reporter-output>
        </test-method> <!-- CustomerADDAction -->
        <test-method status="SKIP" signature="methodTearDown()[pri:0, instance:org.altairretro.practice.CustomerTest@6646153]" name="methodTearDown" is-config="true" duration-ms="0" started-at="2022-09-20T13:20:53Z" finished-at="2022-09-20T13:20:53Z">
          <reporter-output>
          </reporter-output>
        </test-method> <!-- methodTearDown -->
      </class> <!-- org.altairretro.practice.CustomerTest -->
    </test> <!-- Test -->
  </suite> <!-- Suite -->
</testng-results>
