<?xml version="1.0" encoding="UTF-8"?>
<testng-results ignored="0" total="1" passed="1" failed="0" skipped="0">
  <reporter-output>
  </reporter-output>
  <suite started-at="2022-09-23T13:07:55 IST" name="Suite" finished-at="2022-09-23T13:07:55 IST" duration-ms="222">
    <groups>
    </groups>
    <test started-at="2022-09-23T13:07:55 IST" name="Test" finished-at="2022-09-23T13:07:55 IST" duration-ms="222">
      <class name="org.altairretro.practice.RealSix">
        <test-method signature="test6()[pri:0, instance:org.altairretro.practice.RealSix@4fb3ee4e]" started-at="2022-09-23T13:07:55 IST" name="test6" finished-at="2022-09-23T13:07:55 IST" duration-ms="26" status="PASS">
          <reporter-output>
          </reporter-output>
        </test-method> <!-- test6 -->
      </class> <!-- org.altairretro.practice.RealSix -->
    </test> <!-- Test -->
  </suite> <!-- Suite -->
</testng-results>
